#
# There is insufficient memory for the Java Runtime Environment to continue.
# Native memory allocation (malloc) failed to allocate 1043216 bytes for Chunk::new
# Possible reasons:
#   The system is out of physical RAM or swap space
#   In 32 bit mode, the process size limit was hit
# Possible solutions:
#   Reduce memory load on the system
#   Increase physical memory or swap space
#   Check if swap backing store is full
#   Use 64 bit Java on a 64 bit OS
#   Decrease Java heap size (-Xmx/-Xms)
#   Decrease number of Java threads
#   Decrease Java thread stack sizes (-Xss)
#   Set larger code cache with -XX:ReservedCodeCacheSize=
# This output file may be truncated or incomplete.
#
#  Out of Memory Error (allocation.cpp:390), pid=4768, tid=0x00000000000027b0
#
# JRE version: Java(TM) SE Runtime Environment (8.0_181-b13) (build 1.8.0_181-b13)
# Java VM: Java HotSpot(TM) 64-Bit Server VM (25.181-b13 mixed mode windows-amd64 compressed oops)
# Failed to write core dump. Minidumps are not enabled by default on client versions of Windows
#

---------------  T H R E A D  ---------------

Current thread (0x000000001876d800):  JavaThread "C2 CompilerThread1" daemon [_thread_in_native, id=10160, stack(0x00000000191b0000,0x00000000192b0000)]

Stack: [0x00000000191b0000,0x00000000192b0000]
[error occurred during error reporting (printing stack bounds), id 0xc0000005]

Native frames: (J=compiled Java code, j=interpreted, Vv=VM code, C=native code)


Current CompileTask:
C2:  14983 12274       4       org.gradle.internal.operations.DefaultBuildOperationExecutor::execute (111 bytes)


---------------  P R O C E S S  ---------------

Java Threads: ( => current thread )
  0x0000000023eeb800 JavaThread "Cache worker for execution history cache (E:\sorucecode\lianpengju-master\.gradle\5.6.4\executionHistory)" [_thread_blocked, id=16400, stack(0x000000002bf30000,0x000000002c030000)]
  0x0000000023ee9800 JavaThread "Execution worker for ':' Thread 7" [_thread_blocked, id=7824, stack(0x000000002be30000,0x000000002bf30000)]
  0x000000001b563000 JavaThread "Execution worker for ':' Thread 6" [_thread_blocked, id=4664, stack(0x000000002bd30000,0x000000002be30000)]
  0x00000000249e9000 JavaThread "Execution worker for ':' Thread 5" [_thread_blocked, id=2336, stack(0x000000002bc30000,0x000000002bd30000)]
  0x00000000249e0000 JavaThread "Execution worker for ':' Thread 4" [_thread_blocked, id=17296, stack(0x000000002bb30000,0x000000002bc30000)]
  0x00000000249e7000 JavaThread "Execution worker for ':' Thread 3" [_thread_blocked, id=17600, stack(0x000000002ba30000,0x000000002bb30000)]
  0x00000000249e2800 JavaThread "Execution worker for ':' Thread 2" [_thread_blocked, id=17780, stack(0x000000002aeb0000,0x000000002afb0000)]
  0x00000000249e4800 JavaThread "Execution worker for ':'" [_thread_blocked, id=13224, stack(0x000000002a9a0000,0x000000002aaa0000)]
  0x00000000249e1800 JavaThread "Cache worker for file content cache (E:\sorucecode\lianpengju-master\.gradle\5.6.4\fileContent)" [_thread_blocked, id=13200, stack(0x00000000266d0000,0x00000000267d0000)]
  0x00000000249e0800 JavaThread "gradle-enterprise-worker-0" [_thread_blocked, id=10816, stack(0x0000000025fd0000,0x00000000260d0000)]
  0x00000000249e4000 JavaThread "Cache worker for Build Output Cleanup Cache (E:\sorucecode\lianpengju-master\.gradle\buildOutputCleanup)" [_thread_blocked, id=15728, stack(0x00000000231d0000,0x00000000232d0000)]
  0x00000000249ed000 JavaThread "Build operations Thread 8" [_thread_blocked, id=17784, stack(0x0000000029110000,0x0000000029210000)]
  0x00000000249e8800 JavaThread "Build operations Thread 7" [_thread_blocked, id=6044, stack(0x0000000029010000,0x0000000029110000)]
  0x00000000249eb800 JavaThread "Build operations Thread 6" [_thread_blocked, id=18764, stack(0x0000000028f10000,0x0000000029010000)]
  0x00000000249ea800 JavaThread "Build operations Thread 5" [_thread_blocked, id=7532, stack(0x0000000028e10000,0x0000000028f10000)]
  0x00000000249ec000 JavaThread "Build operations Thread 4" [_thread_blocked, id=1176, stack(0x0000000028d10000,0x0000000028e10000)]
  0x00000000249e7800 JavaThread "Build operations Thread 3" [_thread_blocked, id=13416, stack(0x0000000028c10000,0x0000000028d10000)]
  0x00000000249ea000 JavaThread "Build operations Thread 2" [_thread_blocked, id=9468, stack(0x0000000028b10000,0x0000000028c10000)]
  0x00000000249ed800 JavaThread "Build operations" [_thread_blocked, id=18232, stack(0x0000000028a10000,0x0000000028b10000)]
  0x00000000249e3000 JavaThread "Cache worker for file content cache (D:\gradele\gradle-3.2\caches\5.6.4\fileContent)" [_thread_blocked, id=8808, stack(0x00000000246e0000,0x00000000247e0000)]
  0x00000000249de800 JavaThread "Memory manager" [_thread_blocked, id=15832, stack(0x000000001f8e0000,0x000000001f9e0000)]
  0x000000001b55c800 JavaThread "Cache worker for execution history cache (D:\gradele\gradle-3.2\caches\5.6.4\executionHistory)" [_thread_blocked, id=7652, stack(0x0000000021c60000,0x0000000021d60000)]
  0x000000001b561000 JavaThread "Cache worker for cache directory md-rule (D:\gradele\gradle-3.2\caches\5.6.4\md-rule)" [_thread_blocked, id=304, stack(0x0000000021b60000,0x0000000021c60000)]
  0x000000001b560000 JavaThread "Cache worker for cache directory md-supplier (D:\gradele\gradle-3.2\caches\5.6.4\md-supplier)" [_thread_blocked, id=19124, stack(0x0000000021a60000,0x0000000021b60000)]
  0x000000001b55e000 JavaThread "Cache worker for file hash cache (E:\sorucecode\lianpengju-master\.gradle\5.6.4\fileHashes)" [_thread_blocked, id=4720, stack(0x000000001f3e0000,0x000000001f4e0000)]
  0x000000001b562800 JavaThread "Cache worker for journal cache (D:\gradele\gradle-3.2\caches\journal-1)" [_thread_blocked, id=12432, stack(0x000000001d140000,0x000000001d240000)]
  0x000000001b561800 JavaThread "File lock request listener" [_thread_in_native, id=10200, stack(0x000000001d040000,0x000000001d140000)]
  0x000000001b55d000 JavaThread "Cache worker for file hash cache (D:\gradele\gradle-3.2\caches\5.6.4\fileHashes)" [_thread_blocked, id=6048, stack(0x000000001cf40000,0x000000001d040000)]
  0x000000001b403000 JavaThread "Thread-9" [_thread_blocked, id=2688, stack(0x000000001cc40000,0x000000001cd40000)]
  0x000000001b35d800 JavaThread "Stdin handler" [_thread_blocked, id=5248, stack(0x000000001cb40000,0x000000001cc40000)]
  0x000000001b3cf000 JavaThread "Asynchronous log dispatcher for DefaultDaemonConnection: socket connection from /127.0.0.1:62932 to /127.0.0.1:62933" [_thread_blocked, id=18440, stack(0x000000001ca40000,0x000000001cb40000)]
  0x000000001b2be000 JavaThread "Daemon worker" [_thread_blocked, id=10152, stack(0x000000001c940000,0x000000001ca40000)]
  0x000000001b2bc000 JavaThread "Cancel handler" [_thread_blocked, id=3120, stack(0x000000001c840000,0x000000001c940000)]
  0x000000001b295000 JavaThread "Handler for socket connection from /127.0.0.1:62932 to /127.0.0.1:62933" [_thread_in_native, id=11860, stack(0x000000001c540000,0x000000001c640000)]
  0x000000001b279800 JavaThread "Daemon" [_thread_blocked, id=11280, stack(0x000000001c440000,0x000000001c540000)]
  0x000000001b25a000 JavaThread "Daemon periodic checks" [_thread_blocked, id=19252, stack(0x000000001c340000,0x000000001c440000)]
  0x000000001b1f4000 JavaThread "Incoming local TCP Connector on port 62932" [_thread_in_native, id=11064, stack(0x000000001c190000,0x000000001c290000)]
  0x000000001b17b800 JavaThread "Daemon health stats" [_thread_blocked, id=15196, stack(0x000000001be90000,0x000000001bf90000)]
  0x00000000187a9000 JavaThread "Service Thread" daemon [_thread_blocked, id=1336, stack(0x00000000194b0000,0x00000000195b0000)]
  0x0000000018779800 JavaThread "C1 CompilerThread3" daemon [_thread_blocked, id=4592, stack(0x00000000193b0000,0x00000000194b0000)]
  0x000000001876e800 JavaThread "C2 CompilerThread2" daemon [_thread_in_native, id=11792, stack(0x00000000192b0000,0x00000000193b0000)]
=>0x000000001876d800 JavaThread "C2 CompilerThread1" daemon [_thread_in_native, id=10160, stack(0x00000000191b0000,0x00000000192b0000)]
  0x0000000018769000 JavaThread "C2 CompilerThread0" daemon [_thread_in_native, id=8988, stack(0x00000000190b0000,0x00000000191b0000)]
  0x0000000018754800 JavaThread "JDWP Command Reader" daemon [_thread_in_native, id=748, stack(0x0000000018fb0000,0x00000000190b0000)]
  0x0000000018751000 JavaThread "JDWP Event Helper Thread" daemon [_thread_blocked, id=864, stack(0x0000000018eb0000,0x0000000018fb0000)]
  0x0000000018745800 JavaThread "JDWP Transport Listener: dt_socket" daemon [_thread_blocked, id=18084, stack(0x0000000018db0000,0x0000000018eb0000)]
  0x000000001873c000 JavaThread "Attach Listener" daemon [_thread_blocked, id=13964, stack(0x0000000018cb0000,0x0000000018db0000)]
  0x000000001873b000 JavaThread "Signal Dispatcher" daemon [_thread_blocked, id=13432, stack(0x0000000018bb0000,0x0000000018cb0000)]
  0x0000000002a09000 JavaThread "Finalizer" daemon [_thread_blocked, id=8544, stack(0x0000000018ab0000,0x0000000018bb0000)]
  0x00000000167cd000 JavaThread "Reference Handler" daemon [_thread_blocked, id=7368, stack(0x00000000185b0000,0x00000000186b0000)]
  0x000000000242e000 JavaThread "main" [_thread_blocked, id=8336, stack(0x0000000002810000,0x0000000002910000)]

Other Threads:
  0x00000000167c9000 VMThread [stack: 0x00000000184b0000,0x00000000185b0000] [id=10104]
  0x00000000187af000 WatcherThread [stack: 0x00000000195b0000,0x00000000196b0000] [id=10688]

VM state:not at safepoint (normal execution)

VM Mutex/Monitor currently owned by a thread: None

Heap:
 PSYoungGen      total 438272K, used 231132K [0x00000000e0000000, 0x0000000100000000, 0x0000000100000000)
  eden space 404480K, 48% used [0x00000000e0000000,0x00000000ec0be0f8,0x00000000f8b00000)
  from space 33792K, 99% used [0x00000000f8b00000,0x00000000fabf9030,0x00000000fac00000)
  to   space 39424K, 0% used [0x00000000fd980000,0x00000000fd980000,0x0000000100000000)
 ParOldGen       total 323072K, used 67105K [0x00000000a0000000, 0x00000000b3b80000, 0x00000000e0000000)
  object space 323072K, 20% used [0x00000000a0000000,0x00000000a41886e0,0x00000000b3b80000)
 Metaspace       used 72249K, capacity 77752K, committed 77824K, reserved 1116160K
  class space    used 10103K, capacity 11226K, committed 11264K, reserved 1048576K

Card table byte_map: [0x0000000011dd0000,0x00000000120e0000] byte_map_base: 0x00000000118d0000

Marking Bits: (ParMarkBitMap*) 0x0000000060112d00
 Begin Bits: [0x0000000012ae0000, 0x00000000142e0000)
 End Bits:   [0x00000000142e0000, 0x0000000015ae0000)

Polling page: 0x00000000023d0000

CodeCache: size=245760Kb used=35695Kb max_used=35695Kb free=210064Kb
 bounds [0x0000000002a10000, 0x0000000004d20000, 0x0000000011a10000]
 total_blobs=11447 nmethods=10597 adapters=768
 compilation: enabled

Compilation events (10 events):
Event: 14.975 Thread 0x0000000018779800 12361       3       org.gradle.internal.snapshot.impl.DirectorySnapshotter$PathVisitor::preVisitDirectory (10 bytes)
Event: 14.975 Thread 0x0000000018779800 nmethod 12361 0x0000000004cfedd0 code [0x0000000004cfef40, 0x0000000004cff208]
Event: 14.975 Thread 0x0000000018779800 12362       3       org.gradle.internal.snapshot.impl.DirectorySnapshotter$PathVisitor::preVisitDirectory (70 bytes)
Event: 14.976 Thread 0x0000000018779800 nmethod 12362 0x0000000004cf9050 code [0x0000000004cf93a0, 0x0000000004cfaf88]
Event: 14.976 Thread 0x0000000018779800 12363       3       org.gradle.internal.snapshot.impl.DirectorySnapshotter$PathVisitor::getFilename (26 bytes)
Event: 14.977 Thread 0x0000000018779800 nmethod 12363 0x0000000004cfccd0 code [0x0000000004cfcf80, 0x0000000004cfe2b8]
Event: 14.977 Thread 0x0000000018779800 12364       3       org.gradle.internal.snapshot.impl.DirectorySnapshotter$PathVisitor$$Lambda$64/1999936941::apply (8 bytes)
Event: 14.977 Thread 0x0000000018779800 nmethod 12364 0x0000000004cf8ad0 code [0x0000000004cf8c40, 0x0000000004cf8f68]
Event: 14.977 Thread 0x0000000018779800 12365       3       org.gradle.internal.snapshot.MerkleDirectorySnapshotBuilder::isRoot (8 bytes)
Event: 14.977 Thread 0x0000000018779800 nmethod 12365 0x0000000004cf8650 code [0x0000000004cf87c0, 0x0000000004cf89f0]

GC Heap History (10 events):
Event: 5.130 GC heap before
{Heap before GC invocations=8 (full 2):
 PSYoungGen      total 206848K, used 190464K [0x00000000e0000000, 0x00000000f2a80000, 0x0000000100000000)
  eden space 190464K, 100% used [0x00000000e0000000,0x00000000eba00000,0x00000000eba00000)
  from space 16384K, 0% used [0x00000000eba00000,0x00000000eba00000,0x00000000eca00000)
  to   space 14336K, 0% used [0x00000000f1c80000,0x00000000f1c80000,0x00000000f2a80000)
 ParOldGen       total 199680K, used 17475K [0x00000000a0000000, 0x00000000ac300000, 0x00000000e0000000)
  object space 199680K, 8% used [0x00000000a0000000,0x00000000a1110ca8,0x00000000ac300000)
 Metaspace       used 42706K, capacity 44358K, committed 44416K, reserved 1087488K
  class space    used 6165K, capacity 6490K, committed 6528K, reserved 1048576K
Event: 5.144 GC heap after
Heap after GC invocations=8 (full 2):
 PSYoungGen      total 289792K, used 14314K [0x00000000e0000000, 0x00000000f3680000, 0x0000000100000000)
  eden space 275456K, 0% used [0x00000000e0000000,0x00000000e0000000,0x00000000f0d00000)
  from space 14336K, 99% used [0x00000000f1c80000,0x00000000f2a7a940,0x00000000f2a80000)
  to   space 15872K, 0% used [0x00000000f0d00000,0x00000000f0d00000,0x00000000f1c80000)
 ParOldGen       total 199680K, used 17833K [0x00000000a0000000, 0x00000000ac300000, 0x00000000e0000000)
  object space 199680K, 8% used [0x00000000a0000000,0x00000000a116a6d8,0x00000000ac300000)
 Metaspace       used 42706K, capacity 44358K, committed 44416K, reserved 1087488K
  class space    used 6165K, capacity 6490K, committed 6528K, reserved 1048576K
}
Event: 7.280 GC heap before
{Heap before GC invocations=9 (full 2):
 PSYoungGen      total 289792K, used 289770K [0x00000000e0000000, 0x00000000f3680000, 0x0000000100000000)
  eden space 275456K, 100% used [0x00000000e0000000,0x00000000f0d00000,0x00000000f0d00000)
  from space 14336K, 99% used [0x00000000f1c80000,0x00000000f2a7a940,0x00000000f2a80000)
  to   space 15872K, 0% used [0x00000000f0d00000,0x00000000f0d00000,0x00000000f1c80000)
 ParOldGen       total 199680K, used 17833K [0x00000000a0000000, 0x00000000ac300000, 0x00000000e0000000)
  object space 199680K, 8% used [0x00000000a0000000,0x00000000a116a6d8,0x00000000ac300000)
 Metaspace       used 51555K, capacity 55138K, committed 55296K, reserved 1095680K
  class space    used 7505K, capacity 8170K, committed 8192K, reserved 1048576K
Event: 7.310 GC heap after
Heap after GC invocations=9 (full 2):
 PSYoungGen      total 291328K, used 15869K [0x00000000e0000000, 0x00000000fca80000, 0x0000000100000000)
  eden space 275456K, 0% used [0x00000000e0000000,0x00000000e0000000,0x00000000f0d00000)
  from space 15872K, 99% used [0x00000000f0d00000,0x00000000f1c7f670,0x00000000f1c80000)
  to   space 31232K, 0% used [0x00000000fac00000,0x00000000fac00000,0x00000000fca80000)
 ParOldGen       total 199680K, used 44737K [0x00000000a0000000, 0x00000000ac300000, 0x00000000e0000000)
  object space 199680K, 22% used [0x00000000a0000000,0x00000000a2bb0738,0x00000000ac300000)
 Metaspace       used 51555K, capacity 55138K, committed 55296K, reserved 1095680K
  class space    used 7505K, capacity 8170K, committed 8192K, reserved 1048576K
}
Event: 7.939 GC heap before
{Heap before GC invocations=10 (full 2):
 PSYoungGen      total 291328K, used 103554K [0x00000000e0000000, 0x00000000fca80000, 0x0000000100000000)
  eden space 275456K, 31% used [0x00000000e0000000,0x00000000e55a1460,0x00000000f0d00000)
  from space 15872K, 99% used [0x00000000f0d00000,0x00000000f1c7f670,0x00000000f1c80000)
  to   space 31232K, 0% used [0x00000000fac00000,0x00000000fac00000,0x00000000fca80000)
 ParOldGen       total 199680K, used 44737K [0x00000000a0000000, 0x00000000ac300000, 0x00000000e0000000)
  object space 199680K, 22% used [0x00000000a0000000,0x00000000a2bb0738,0x00000000ac300000)
 Metaspace       used 54931K, capacity 59080K, committed 59136K, reserved 1099776K
  class space    used 7932K, capacity 8677K, committed 8704K, reserved 1048576K
Event: 7.962 GC heap after
Heap after GC invocations=10 (full 2):
 PSYoungGen      total 435712K, used 25204K [0x00000000e0000000, 0x00000000fdb80000, 0x0000000100000000)
  eden space 404480K, 0% used [0x00000000e0000000,0x00000000e0000000,0x00000000f8b00000)
  from space 31232K, 80% used [0x00000000fac00000,0x00000000fc49d150,0x00000000fca80000)
  to   space 33792K, 0% used [0x00000000f8b00000,0x00000000f8b00000,0x00000000fac00000)
 ParOldGen       total 199680K, used 44737K [0x00000000a0000000, 0x00000000ac300000, 0x00000000e0000000)
  object space 199680K, 22% used [0x00000000a0000000,0x00000000a2bb0738,0x00000000ac300000)
 Metaspace       used 54931K, capacity 59080K, committed 59136K, reserved 1099776K
  class space    used 7932K, capacity 8677K, committed 8704K, reserved 1048576K
}
Event: 7.962 GC heap before
{Heap before GC invocations=11 (full 3):
 PSYoungGen      total 435712K, used 25204K [0x00000000e0000000, 0x00000000fdb80000, 0x0000000100000000)
  eden space 404480K, 0% used [0x00000000e0000000,0x00000000e0000000,0x00000000f8b00000)
  from space 31232K, 80% used [0x00000000fac00000,0x00000000fc49d150,0x00000000fca80000)
  to   space 33792K, 0% used [0x00000000f8b00000,0x00000000f8b00000,0x00000000fac00000)
 ParOldGen       total 199680K, used 44737K [0x00000000a0000000, 0x00000000ac300000, 0x00000000e0000000)
  object space 199680K, 22% used [0x00000000a0000000,0x00000000a2bb0738,0x00000000ac300000)
 Metaspace       used 54931K, capacity 59080K, committed 59136K, reserved 1099776K
  class space    used 7932K, capacity 8677K, committed 8704K, reserved 1048576K
Event: 8.202 GC heap after
Heap after GC invocations=11 (full 3):
 PSYoungGen      total 435712K, used 0K [0x00000000e0000000, 0x00000000fdb80000, 0x0000000100000000)
  eden space 404480K, 0% used [0x00000000e0000000,0x00000000e0000000,0x00000000f8b00000)
  from space 31232K, 0% used [0x00000000fac00000,0x00000000fac00000,0x00000000fca80000)
  to   space 33792K, 0% used [0x00000000f8b00000,0x00000000f8b00000,0x00000000fac00000)
 ParOldGen       total 323072K, used 64640K [0x00000000a0000000, 0x00000000b3b80000, 0x00000000e0000000)
  object space 323072K, 20% used [0x00000000a0000000,0x00000000a3f202f8,0x00000000b3b80000)
 Metaspace       used 54895K, capacity 58960K, committed 59136K, reserved 1099776K
  class space    used 7921K, capacity 8657K, committed 8704K, reserved 1048576K
}
Event: 12.456 GC heap before
{Heap before GC invocations=12 (full 3):
 PSYoungGen      total 435712K, used 404480K [0x00000000e0000000, 0x00000000fdb80000, 0x0000000100000000)
  eden space 404480K, 100% used [0x00000000e0000000,0x00000000f8b00000,0x00000000f8b00000)
  from space 31232K, 0% used [0x00000000fac00000,0x00000000fac00000,0x00000000fca80000)
  to   space 33792K, 0% used [0x00000000f8b00000,0x00000000f8b00000,0x00000000fac00000)
 ParOldGen       total 323072K, used 64640K [0x00000000a0000000, 0x00000000b3b80000, 0x00000000e0000000)
  object space 323072K, 20% used [0x00000000a0000000,0x00000000a3f202f8,0x00000000b3b80000)
 Metaspace       used 66807K, capacity 72220K, committed 72576K, reserved 1112064K
  class space    used 9414K, capacity 10527K, committed 10624K, reserved 1048576K
Event: 12.488 GC heap after
Heap after GC invocations=12 (full 3):
 PSYoungGen      total 438272K, used 33764K [0x00000000e0000000, 0x0000000100000000, 0x0000000100000000)
  eden space 404480K, 0% used [0x00000000e0000000,0x00000000e0000000,0x00000000f8b00000)
  from space 33792K, 99% used [0x00000000f8b00000,0x00000000fabf9030,0x00000000fac00000)
  to   space 39424K, 0% used [0x00000000fd980000,0x00000000fd980000,0x0000000100000000)
 ParOldGen       total 323072K, used 67105K [0x00000000a0000000, 0x00000000b3b80000, 0x00000000e0000000)
  object space 323072K, 20% used [0x00000000a0000000,0x00000000a41886e0,0x00000000b3b80000)
 Metaspace       used 66807K, capacity 72220K, committed 72576K, reserved 1112064K
  class space    used 9414K, capacity 10527K, committed 10624K, reserved 1048576K
}

Deoptimization events (10 events):
Event: 14.488 Thread 0x00000000249e0000 Uncommon trap: reason=unstable_if action=reinterpret pc=0x000000000491c87c method=kotlin.reflect.jvm.internal.impl.protobuf.CodedInputStream.readRawVarint32()I @ 10
Event: 14.752 Thread 0x00000000249e0800 Uncommon trap: reason=unstable_if action=reinterpret pc=0x0000000003ce3b38 method=java.util.HashMap.computeIfAbsent(Ljava/lang/Object;Ljava/util/function/Function;)Ljava/lang/Object; @ 145
Event: 14.780 Thread 0x00000000249e0000 Uncommon trap: reason=class_check action=maybe_recompile pc=0x00000000047c3048 method=io.spring.gradle.dependencymanagement.org.apache.maven.model.interpolation.StringSearchModelInterpolator$InterpolateObjectAction.interpolateMapField(Ljava/lang/Object;Lj
Event: 14.780 Thread 0x00000000249e0000 Uncommon trap: reason=class_check action=maybe_recompile pc=0x00000000047c3048 method=io.spring.gradle.dependencymanagement.org.apache.maven.model.interpolation.StringSearchModelInterpolator$InterpolateObjectAction.interpolateMapField(Ljava/lang/Object;Lj
Event: 14.792 Thread 0x00000000249e0000 Uncommon trap: reason=unstable_if action=reinterpret pc=0x0000000004b4f648 method=java.util.regex.Pattern.closure(Ljava/util/regex/Pattern$Node;)Ljava/util/regex/Pattern$Node; @ 182
Event: 14.793 Thread 0x00000000249e0000 Uncommon trap: reason=unstable_if action=reinterpret pc=0x0000000002d87e84 method=java.util.regex.Pattern$Curly.match(Ljava/util/regex/Matcher;ILjava/lang/CharSequence;)Z @ 45
Event: 14.793 Thread 0x00000000249e0000 Uncommon trap: reason=class_check action=maybe_recompile pc=0x0000000004a2c2cc method=io.spring.gradle.dependencymanagement.org.codehaus.plexus.interpolation.MapBasedValueSource.getValue(Ljava/lang/String;)Ljava/lang/Object; @ 16
Event: 14.793 Thread 0x00000000249e0000 Uncommon trap: reason=class_check action=maybe_recompile pc=0x0000000004a2c2cc method=io.spring.gradle.dependencymanagement.org.codehaus.plexus.interpolation.MapBasedValueSource.getValue(Ljava/lang/String;)Ljava/lang/Object; @ 16
Event: 14.813 Thread 0x00000000249e0000 Uncommon trap: reason=class_check action=maybe_recompile pc=0x0000000004a2c2cc method=io.spring.gradle.dependencymanagement.org.codehaus.plexus.interpolation.MapBasedValueSource.getValue(Ljava/lang/String;)Ljava/lang/Object; @ 16
Event: 14.813 Thread 0x00000000249e0000 Uncommon trap: reason=class_check action=maybe_recompile pc=0x0000000004a2c2cc method=io.spring.gradle.dependencymanagement.org.codehaus.plexus.interpolation.MapBasedValueSource.getValue(Ljava/lang/String;)Ljava/lang/Object; @ 16

Classes redefined (0 events):
No events

Internal exceptions (10 events):
Event: 12.581 Thread 0x000000001b2be000 Exception <a 'java/lang/ClassNotFoundException': java/lang/ClassCustomizer> (0x00000000e1377c78) thrown at [C:\re\workspace\8-2-build-windows-amd64-cygwin\jdk8u181\11358\hotspot\src\share\vm\classfile\systemDictionary.cpp, line 210]
Event: 12.597 Thread 0x000000001b2be000 Exception <a 'java/lang/ClassNotFoundException': org/gradle/language/jvm/tasks/ProcessResources_DecoratedBeanInfo> (0x00000000e16f2420) thrown at [C:\re\workspace\8-2-build-windows-amd64-cygwin\jdk8u181\11358\hotspot\src\share\vm\classfile\systemDictionar
Event: 12.598 Thread 0x000000001b2be000 Exception <a 'java/lang/ClassNotFoundException': org/gradle/language/jvm/tasks/ProcessResourcesBeanInfo> (0x00000000e171ed20) thrown at [C:\re\workspace\8-2-build-windows-amd64-cygwin\jdk8u181\11358\hotspot\src\share\vm\classfile\systemDictionary.cpp, lin
Event: 12.599 Thread 0x000000001b2be000 Exception <a 'java/lang/ClassNotFoundException': org/gradle/language/jvm/tasks/ProcessResourcesCustomizer> (0x00000000e174cbf8) thrown at [C:\re\workspace\8-2-build-windows-amd64-cygwin\jdk8u181\11358\hotspot\src\share\vm\classfile\systemDictionary.cpp, l
Event: 12.600 Thread 0x000000001b2be000 Exception <a 'java/lang/ClassNotFoundException': org/gradle/language/jvm/tasks/ProcessResources_DecoratedCustomizer> (0x00000000e1794200) thrown at [C:\re\workspace\8-2-build-windows-amd64-cygwin\jdk8u181\11358\hotspot\src\share\vm\classfile\systemDiction
Event: 12.604 Thread 0x000000001b2be000 Exception <a 'java/lang/ClassNotFoundException': org/jetbrains/kotlin/gradle/tasks/InspectClassesForMultiModuleIC_DecoratedBeanInfo> (0x00000000e18973e0) thrown at [C:\re\workspace\8-2-build-windows-amd64-cygwin\jdk8u181\11358\hotspot\src\share\vm\classfi
Event: 12.605 Thread 0x000000001b2be000 Exception <a 'java/lang/ClassNotFoundException': org/jetbrains/kotlin/gradle/tasks/InspectClassesForMultiModuleICBeanInfo> (0x00000000e18b84d8) thrown at [C:\re\workspace\8-2-build-windows-amd64-cygwin\jdk8u181\11358\hotspot\src\share\vm\classfile\systemD
Event: 12.605 Thread 0x000000001b2be000 Exception <a 'java/lang/ClassNotFoundException': org/jetbrains/kotlin/gradle/tasks/InspectClassesForMultiModuleICCustomizer> (0x00000000e18d9618) thrown at [C:\re\workspace\8-2-build-windows-amd64-cygwin\jdk8u181\11358\hotspot\src\share\vm\classfile\syste
Event: 12.606 Thread 0x000000001b2be000 Exception <a 'java/lang/ClassNotFoundException': org/jetbrains/kotlin/gradle/tasks/InspectClassesForMultiModuleIC_DecoratedCustomizer> (0x00000000e1918cf8) thrown at [C:\re\workspace\8-2-build-windows-amd64-cygwin\jdk8u181\11358\hotspot\src\share\vm\class
Event: 12.630 Thread 0x000000001b403000 Exception <a 'java/lang/NoSuchMethodError': <clinit>> (0x00000000e008de58) thrown at [C:\re\workspace\8-2-build-windows-amd64-cygwin\jdk8u181\11358\hotspot\src\share\vm\prims\jni.cpp, line 1613]

Events (10 events):
Event: 14.793 Thread 0x00000000249e0000 DEOPT UNPACKING pc=0x0000000002a5583b sp=0x000000002bc2b7a0 mode 2
Event: 14.793 Thread 0x00000000249e0000 Uncommon trap: trap_request=0xffffffde fr.pc=0x0000000004a2c2cc
Event: 14.793 Thread 0x00000000249e0000 DEOPT PACKING pc=0x0000000004a2c2cc sp=0x000000002bc2b7f0
Event: 14.793 Thread 0x00000000249e0000 DEOPT UNPACKING pc=0x0000000002a5583b sp=0x000000002bc2b7a0 mode 2
Event: 14.813 Thread 0x00000000249e0000 Uncommon trap: trap_request=0xffffffde fr.pc=0x0000000004a2c2cc
Event: 14.813 Thread 0x00000000249e0000 DEOPT PACKING pc=0x0000000004a2c2cc sp=0x000000002bc2b7f0
Event: 14.813 Thread 0x00000000249e0000 DEOPT UNPACKING pc=0x0000000002a5583b sp=0x000000002bc2b7a0 mode 2
Event: 14.813 Thread 0x00000000249e0000 Uncommon trap: trap_request=0xffffffde fr.pc=0x0000000004a2c2cc
Event: 14.813 Thread 0x00000000249e0000 DEOPT PACKING pc=0x0000000004a2c2cc sp=0x000000002bc2b7f0
Event: 14.813 Thread 0x00000000249e0000 DEOPT UNPACKING pc=0x0000000002a5583b sp=0x000000002bc2b7a0 mode 2


Dynamic libraries:
0x00007ff68c9a0000 - 0x00007ff68c9d7000 	D:\Java\jdk1.8.0_101\bin\java.exe
0x00007ffc55b70000 - 0x00007ffc55d65000 	C:\WINDOWS\SYSTEM32\ntdll.dll
0x00007ffc54960000 - 0x00007ffc54a1e000 	C:\WINDOWS\System32\KERNEL32.DLL
0x00007ffc53290000 - 0x00007ffc53559000 	C:\WINDOWS\System32\KERNELBASE.dll
0x00007ffc55210000 - 0x00007ffc552bc000 	C:\WINDOWS\System32\ADVAPI32.dll
0x00007ffc54a40000 - 0x00007ffc54ade000 	C:\WINDOWS\System32\msvcrt.dll
0x00007ffc54f20000 - 0x00007ffc54fbb000 	C:\WINDOWS\System32\sechost.dll
0x00007ffc53c50000 - 0x00007ffc53d7a000 	C:\WINDOWS\System32\RPCRT4.dll
0x00007ffc558d0000 - 0x00007ffc55a71000 	C:\WINDOWS\System32\USER32.dll
0x00007ffc536c0000 - 0x00007ffc536e2000 	C:\WINDOWS\System32\win32u.dll
0x00007ffc547a0000 - 0x00007ffc547cb000 	C:\WINDOWS\System32\GDI32.dll
0x00007ffc53790000 - 0x00007ffc5389b000 	C:\WINDOWS\System32\gdi32full.dll
0x00007ffc536f0000 - 0x00007ffc5378d000 	C:\WINDOWS\System32\msvcp_win.dll
0x00007ffc53ac0000 - 0x00007ffc53bc0000 	C:\WINDOWS\System32\ucrtbase.dll
0x00007ffc483b0000 - 0x00007ffc4864a000 	C:\WINDOWS\WinSxS\amd64_microsoft.windows.common-controls_6595b64144ccf1df_6.0.19041.1110_none_60b5254171f9507e\COMCTL32.dll
0x00007ffc54750000 - 0x00007ffc54780000 	C:\WINDOWS\System32\IMM32.DLL
0x00000000601a0000 - 0x0000000060272000 	D:\Java\jdk1.8.0_101\jre\bin\msvcr100.dll
0x000000005f8f0000 - 0x0000000060192000 	D:\Java\jdk1.8.0_101\jre\bin\server\jvm.dll
0x00007ffc54830000 - 0x00007ffc54838000 	C:\WINDOWS\System32\PSAPI.DLL
0x00007ffc4d3d0000 - 0x00007ffc4d3d9000 	C:\WINDOWS\SYSTEM32\WSOCK32.dll
0x00007ffc50700000 - 0x00007ffc50727000 	C:\WINDOWS\SYSTEM32\WINMM.dll
0x00007ffc4a8c0000 - 0x00007ffc4a8ca000 	C:\WINDOWS\SYSTEM32\VERSION.dll
0x00007ffc551a0000 - 0x00007ffc5520b000 	C:\WINDOWS\System32\WS2_32.dll
0x000000005f8e0000 - 0x000000005f8ef000 	D:\Java\jdk1.8.0_101\jre\bin\verify.dll
0x000000005f8b0000 - 0x000000005f8d9000 	D:\Java\jdk1.8.0_101\jre\bin\java.dll
0x000000005f800000 - 0x000000005f835000 	D:\Java\jdk1.8.0_101\jre\bin\jdwp.dll
0x000000005f7f0000 - 0x000000005f7f8000 	D:\Java\jdk1.8.0_101\jre\bin\npt.dll
0x000000005f890000 - 0x000000005f8a6000 	D:\Java\jdk1.8.0_101\jre\bin\zip.dll
0x00007ffc53de0000 - 0x00007ffc5451f000 	C:\WINDOWS\System32\SHELL32.dll
0x00007ffc51090000 - 0x00007ffc51820000 	C:\WINDOWS\SYSTEM32\windows.storage.dll
0x00007ffc54ae0000 - 0x00007ffc54e35000 	C:\WINDOWS\System32\combase.dll
0x00007ffc52ce0000 - 0x00007ffc52d0c000 	C:\WINDOWS\SYSTEM32\Wldp.dll
0x00007ffc54fc0000 - 0x00007ffc5506d000 	C:\WINDOWS\System32\SHCORE.dll
0x00007ffc53d80000 - 0x00007ffc53dd5000 	C:\WINDOWS\System32\shlwapi.dll
0x00007ffc531d0000 - 0x00007ffc531ef000 	C:\WINDOWS\SYSTEM32\profapi.dll
0x000000005f7e0000 - 0x000000005f7e9000 	D:\Java\jdk1.8.0_101\jre\bin\dt_socket.dll
0x00007ffc52a40000 - 0x00007ffc52aaa000 	C:\WINDOWS\system32\mswsock.dll
0x000000005f870000 - 0x000000005f88a000 	D:\Java\jdk1.8.0_101\jre\bin\net.dll
0x000000005f850000 - 0x000000005f861000 	D:\Java\jdk1.8.0_101\jre\bin\nio.dll
0x00007ffc36540000 - 0x00007ffc36566000 	D:\gradele\gradle-3.2\native\30\windows-amd64\native-platform.dll
0x000000005f840000 - 0x000000005f84d000 	D:\Java\jdk1.8.0_101\jre\bin\management.dll
0x00007ffc52c30000 - 0x00007ffc52c48000 	C:\WINDOWS\SYSTEM32\CRYPTSP.dll
0x00007ffc52350000 - 0x00007ffc52384000 	C:\WINDOWS\system32\rsaenh.dll
0x00007ffc538a0000 - 0x00007ffc538c7000 	C:\WINDOWS\System32\bcrypt.dll
0x00007ffc53190000 - 0x00007ffc531be000 	C:\WINDOWS\SYSTEM32\USERENV.dll
0x00007ffc53930000 - 0x00007ffc539b3000 	C:\WINDOWS\System32\bcryptprimitives.dll
0x00007ffc52c50000 - 0x00007ffc52c5c000 	C:\WINDOWS\SYSTEM32\CRYPTBASE.dll
0x00007ffc526e0000 - 0x00007ffc5271b000 	C:\WINDOWS\SYSTEM32\IPHLPAPI.DLL
0x00007ffc54a20000 - 0x00007ffc54a28000 	C:\WINDOWS\System32\NSI.dll
0x00007ffc4a810000 - 0x00007ffc4a827000 	C:\WINDOWS\SYSTEM32\dhcpcsvc6.DLL
0x00007ffc4a880000 - 0x00007ffc4a89d000 	C:\WINDOWS\SYSTEM32\dhcpcsvc.DLL
0x00007ffc52730000 - 0x00007ffc527fc000 	C:\WINDOWS\SYSTEM32\DNSAPI.dll
0x00007ffc3a2a0000 - 0x00007ffc3a2b7000 	C:\WINDOWS\system32\napinsp.dll
0x00007ffc2b1b0000 - 0x00007ffc2b1cb000 	C:\WINDOWS\system32\pnrpnsp.dll
0x00007ffc4f810000 - 0x00007ffc4f82d000 	C:\WINDOWS\system32\NLAapi.dll
0x00007ffc4df60000 - 0x00007ffc4df75000 	C:\WINDOWS\system32\wshbth.dll
0x00007ffc1f1a0000 - 0x00007ffc1f1b2000 	C:\WINDOWS\System32\winrnr.dll
0x00007ffc4ae50000 - 0x00007ffc4ae5a000 	C:\Windows\System32\rasadhlp.dll
0x00007ffc476c0000 - 0x00007ffc4773f000 	C:\WINDOWS\System32\fwpuclnt.dll
0x000000005f7b0000 - 0x000000005f7d4000 	D:\Java\jdk1.8.0_101\jre\bin\sunec.dll
0x000000005f7a0000 - 0x000000005f7ab000 	D:\Java\jdk1.8.0_101\jre\bin\sunmscapi.dll
0x00007ffc53560000 - 0x00007ffc536b6000 	C:\WINDOWS\System32\CRYPT32.dll

VM Arguments:
jvm_args: -agentlib:jdwp=transport=dt_socket,server=n,suspend=y,address=127.0.0.1:62927 -Xmx1536M -Dfile.encoding=GBK -Duser.country=CN -Duser.language=zh -Duser.variant 
java_command: org.gradle.launcher.daemon.bootstrap.GradleDaemon 5.6.4
java_class_path (initial): D:\gradele\gradle-3.2\wrapper\dists\gradle-5.6.4-all\ankdp27end7byghfw1q2sw75f\gradle-5.6.4\lib\gradle-launcher-5.6.4.jar
Launcher Type: SUN_STANDARD

Environment Variables:
PATH=C:\WINDOWS\system32;C:\WINDOWS;C:\WINDOWS\System32\Wbem;C:\WINDOWS\System32\WindowsPowerShell\v1.0\;C:\WINDOWS\System32\OpenSSH\;D:\Java\jdk1.8.0_101\bin;D:\git\pro\Git\cmd;C:\Users\Padingpading\AppData\Local\Microsoft\WindowsApps;
USERNAME=Padingpading
OS=Windows_NT
PROCESSOR_IDENTIFIER=Intel64 Family 6 Model 158 Stepping 10, GenuineIntel



---------------  S Y S T E M  ---------------

OS: Windows 10.0 , 64 bit Build 19041 (10.0.19041.1202)

CPU:total 8 (initial active 8) (4 cores per cpu, 2 threads per core) family 6 model 158 stepping 10, cmov, cx8, fxsr, mmx, sse, sse2, sse3, ssse3, sse4.1, sse4.2, popcnt, avx, avx2, aes, clmul, erms, 3dnowpref, lzcnt, ht, tsc, tscinvbit, bmi1, bmi2, adx

Memory: 4k page, physical 25037108k(4075288k free), swap 32825288k(6004k free)

vm_info: Java HotSpot(TM) 64-Bit Server VM (25.181-b13) for windows-amd64 JRE (1.8.0_181-b13), built on Jul  7 2018 04:01:33 by "java_re" with MS VC++ 10.0 (VS2010)

time: Sun Jan 02 12:01:16 2022
elapsed time: 14 seconds (0d 0h 0m 14s)

